<?xml version="1.0" encoding="utf-8"?><testsuites name="pytest tests"><testsuite name="pytest" errors="0" failures="0" skipped="0" tests="136" time="11.001" timestamp="2026-03-15T20:44:27.423086+01:00" hostname="xps15"><testcase classname="tests.test_batching_optimization" name="test_batching_optimization_comparison" time="0.444" /><testcase classname="tests.test_batching_optimization" name="test_batching_fallback_mechanism" time="0.006" /><testcase classname="tests.test_batching_optimization" name="test_memory_efficiency_of_batching" time="1.223" /><testcase classname="tests.test_clean_coverage.TestMockClientClean" name="test_initialization" time="0.054" /><testcase classname="tests.test_clean_coverage.TestMockClientClean" name="test_connection" time="0.012" /><testcase classname="tests.test_clean_coverage.TestMockClientClean" name="test_read_operations" time="0.006" /><testcase classname="tests.test_clean_coverage.TestMockClientClean" name="test_demo_data_generation" time="0.001" /><testcase classname="tests.test_clean_coverage.TestMockClientClean" name="test_discrete_input_bug_fix" time="0.001" /><testcase classname="tests.test_clean_coverage.TestMockClientClean" name="test_response_object" time="0.000" /><testcase classname="tests.test_clean_coverage.TestMockClientClean" name="test_constants" time="0.000" /><testcase classname="tests.test_clean_coverage.TestIntegrationClean" name="test_full_workflow" time="0.001" /><testcase classname="tests.test_clean_coverage.TestIntegrationClean" name="test_data_structure" time="0.001" /><testcase classname="tests.test_clean_coverage.TestIntegrationClean" name="test_error_handling" time="0.001" /><testcase classname="tests.test_climate_regressions" name="test_fan_mode_read_write_mapping" time="0.013" /><testcase classname="tests.test_climate_regressions" name="test_hvac_off_is_coerced_to_auto_register_value" time="0.020" /><testcase classname="tests.test_climate_regressions" name="test_hvac_mode_raises_home_assistant_error_on_failed_write" time="0.010" /><testcase classname="tests.test_climate_regressions" name="test_fan_mode_raises_home_assistant_error_on_exception" time="0.007" /><testcase classname="tests.test_config_flow" name="test_config_flow_success" time="0.004" /><testcase classname="tests.test_config_flow" name="test_config_flow_invalid_host" time="0.004" /><testcase classname="tests.test_config_flow" name="test_config_flow_connection_error" time="0.004" /><testcase classname="tests.test_config_flow" name="test_options_flow" time="0.004" /><testcase classname="tests.test_config_flow" name="test_options_flow_validation_errors" time="0.004" /><testcase classname="tests.test_config_flow" name="test_options_flow_show_form_with_current_values" time="0.005" /><testcase classname="tests.test_config_model" name="test_config_flow_user_step_separates_data_and_options" time="0.017" /><testcase classname="tests.test_config_model" name="test_options_flow_updates_only_options" time="0.007" /><testcase classname="tests.test_config_model" name="test_config_flow_rejects_invalid_port" time="0.010" /><testcase classname="tests.test_config_model" name="test_config_flow_rejects_invalid_host" time="0.009" /><testcase classname="tests.test_config_model" name="test_config_flow_rejects_invalid_scan_intervals" time="0.012" /><testcase classname="tests.test_config_model" name="test_options_flow_rejects_slow_interval_smaller_than_scan" time="0.010" /><testcase classname="tests.test_config_model" name="test_config_flow_user_step_shows_form_initially" time="0.007" /><testcase classname="tests.test_config_model" name="test_config_flow_user_step_trims_whitespace" time="0.010" /><testcase classname="tests.test_config_model" name="test_config_flow_user_step_handles_empty_electric_power_sensor" time="0.010" /><testcase classname="tests.test_config_model" name="test_config_flow_get_options_flow_returns_options_flow_instance" time="0.003" /><testcase classname="tests.test_config_model" name="test_config_flow_user_step_uses_default_values" time="0.009" /><testcase classname="tests.test_config_model" name="test_setup_entry_runs_single_initial_refresh_per_coordinator" time="0.008" /><testcase classname="tests.test_config_model" name="test_external_electric_power_sensor_uses_options_and_fallback" time="0.023" /><testcase classname="tests.test_config_model" name="test_last_triggered_sensor_keeps_restored_value_when_coordinator_data_missing" time="0.011" /><testcase classname="tests.test_connection_pool" name="test_connection_pool_efficiency_concept" time="0.017" /><testcase classname="tests.test_connection_pool" name="test_connection_pool_lock_contention_concept" time="0.060" /><testcase classname="tests.test_connection_pool" name="test_connection_pool_memory_usage_concept" time="1.514" /><testcase classname="tests.test_connection_pool" name="test_connection_pool_recovery_concept" time="0.013" /><testcase classname="tests.test_connection_pool" name="test_connection_pool_cache_management_concept" time="0.013" /><testcase classname="tests.test_connection_pool" name="test_connection_pool_performance_metrics" time="0.075" /><testcase classname="tests.test_final" name="test_basic_functionality" time="0.000" /><testcase classname="tests.test_final" name="test_file_structure" time="0.001" /><testcase classname="tests.test_final" name="test_syntax_validity" time="0.054" /><testcase classname="tests.test_final" name="test_mock_client_fix" time="0.000" /><testcase classname="tests.test_final_coverage.TestMockClientWithCoverage" name="test_initialization" time="0.002" /><testcase classname="tests.test_final_coverage.TestMockClientWithCoverage" name="test_connection" time="0.013" /><testcase classname="tests.test_final_coverage.TestMockClientWithCoverage" name="test_read_input_registers" time="0.003" /><testcase classname="tests.test_final_coverage.TestMockClientWithCoverage" name="test_read_holding_registers" time="0.002" /><testcase classname="tests.test_final_coverage.TestMockClientWithCoverage" name="test_read_discrete_inputs" time="0.004" /><testcase classname="tests.test_final_coverage.TestMockClientWithCoverage" name="test_read_coils" time="0.002" /><testcase classname="tests.test_final_coverage.TestMockClientWithCoverage" name="test_demo_data_generation" time="0.002" /><testcase classname="tests.test_final_coverage.TestMockClientWithCoverage" name="test_discrete_input_bug_fix" time="0.001" /><testcase classname="tests.test_final_coverage.TestMockClientWithCoverage" name="test_response_object" time="0.000" /><testcase classname="tests.test_final_coverage.TestMockClientWithCoverage" name="test_constants_access" time="0.000" /><testcase classname="tests.test_final_coverage.TestIntegrationWithCoverage" name="test_full_workflow" time="0.001" /><testcase classname="tests.test_final_coverage.TestIntegrationWithCoverage" name="test_data_structure" time="0.002" /><testcase classname="tests.test_final_coverage.TestIntegrationWithCoverage" name="test_error_handling" time="0.001" /><testcase classname="tests.test_integration_lifecycle" name="test_async_setup_entry_success" time="0.005" /><testcase classname="tests.test_integration_lifecycle" name="test_async_unload_entry_success" time="0.021" /><testcase classname="tests.test_integration_lifecycle" name="test_async_setup_entry_unified_coordinator_failure" time="0.014" /><testcase classname="tests.test_integration_lifecycle" name="test_async_setup_entry_platform_forward_failure" time="0.012" /><testcase classname="tests.test_integration_lifecycle" name="test_async_setup_entry_manager_setup_failure" time="0.014" /><testcase classname="tests.test_last_triggered.TestLastTriggeredSensors" name="test_all_last_triggered_sensors_definition" time="0.000" /><testcase classname="tests.test_last_triggered.TestLastTriggeredSensors" name="test_trigger_registers_mapping" time="0.000" /><testcase classname="tests.test_last_triggered.TestLastTriggeredSensors" name="test_last_triggered_mechanism_simulation" time="0.000" /><testcase classname="tests.test_last_triggered.TestLastTriggeredSensors" name="test_last_triggered_no_trigger_scenarios" time="0.000" /><testcase classname="tests.test_last_triggered.TestLastTriggeredSensors" name="test_all_state_changes" time="0.000" /><testcase classname="tests.test_last_triggered.TestLastTriggeredSensors" name="test_all_data_structures" time="0.000" /><testcase classname="tests.test_last_triggered.TestLastTriggeredSensors" name="test_all_sensor_properties" time="0.000" /><testcase classname="tests.test_last_triggered.TestLastTriggeredSensors" name="test_multiple_trigger_cycles" time="0.000" /><testcase classname="tests.test_last_triggered.TestLastTriggeredSensors" name="test_concurrent_triggers" time="0.000" /><testcase classname="tests.test_last_triggered.TestLastTriggeredSensors" name="test_integration_workflow_all_sensors" time="0.000" /><testcase classname="tests.test_manifest" name="test_manifest_has_version" time="0.001" /><testcase classname="tests.test_mock" name="test_mock_client" time="0.014" /><testcase classname="tests.test_mutation_guards" name="test_last_triggered_only_updates_on_rising_edge" time="0.013" /><testcase classname="tests.test_mutation_guards" name="test_unified_write_event_schedules_and_runs_refresh" time="0.011" /><testcase classname="tests.test_performance" name="test_mock_client_performance" time="2.074" /><testcase classname="tests.test_performance" name="test_register_read_performance" time="1.042" /><testcase classname="tests.test_performance" name="test_memory_allocation_performance" time="0.500" /><testcase classname="tests.test_performance" name="test_performance_scan_intervals" time="0.428" /><testcase classname="tests.test_performance" name="test_performance_batch_optimization" time="0.093" /><testcase classname="tests.test_performance" name="test_performance_memory_usage" time="1.122" /><testcase classname="tests.test_platform_setup" name="test_climate_platform_setup_concept" time="0.002" /><testcase classname="tests.test_platform_setup" name="test_sensor_platform_setup_concept" time="0.002" /><testcase classname="tests.test_platform_setup" name="test_binary_sensor_platform_setup_concept" time="0.002" /><testcase classname="tests.test_platform_setup" name="test_number_platform_setup_concept" time="0.002" /><testcase classname="tests.test_platform_setup" name="test_select_platform_setup_concept" time="0.002" /><testcase classname="tests.test_platform_setup" name="test_switch_platform_setup_concept" time="0.039" /><testcase classname="tests.test_platform_setup" name="test_all_platforms_setup_success_concept" time="0.002" /><testcase classname="tests.test_platform_setup" name="test_platform_setup_failure_handling_concept" time="0.002" /><testcase classname="tests.test_platform_setup" name="test_platform_setup_with_demo_mode_concept" time="0.002" /><testcase classname="tests.test_platform_setup" name="test_platform_setup_unload_concept" time="0.002" /><testcase classname="tests.test_platform_setup" name="test_platform_data_isolation_concept" time="0.002" /><testcase classname="tests.test_platform_setup" name="test_platform_setup_with_custom_options_concept" time="0.002" /><testcase classname="tests.test_platform_setup" name="test_platform_setup_error_recovery_concept" time="0.002" /><testcase classname="tests.test_platform_setup" name="test_complete_platform_integration_concept" time="0.004" /><testcase classname="tests.test_platform_setup" name="test_platform_setup_order_validation" time="0.004" /><testcase classname="tests.test_platform_setup" name="test_platform_setup_dependency_validation" time="0.003" /><testcase classname="tests.test_platform_setup" name="test_platform_setup_resource_cleanup" time="0.003" /><testcase classname="tests.test_setup_error_paths" name="test_setup_rolls_back_on_manager_setup_failure" time="0.020" /><testcase classname="tests.test_setup_error_paths" name="test_setup_rolls_back_on_forward_setups_failure" time="0.013" /><testcase classname="tests.test_setup_error_paths" name="test_switch_propagates_unexpected_exception" time="0.004" /><testcase classname="tests.test_setup_error_paths" name="test_switch_handles_daikin_modbus_exception" time="0.015" /><testcase classname="tests.test_setup_error_paths" name="test_holding_switch_uses_enum_on_off_values" time="0.013" /><testcase classname="tests.test_setup_error_paths" name="test_select_rejects_unsupported_option" time="0.010" /><testcase classname="tests.test_setup_error_paths" name="test_transport_session_reraises_unexpected_errors" time="0.010" /><testcase classname="tests.test_setup_error_paths" name="test_connection_manager_has_no_artificial_sleep_after_connect" time="0.002" /><testcase classname="tests.test_signed_conversion.TestSigned16BitConversion" name="test_to_signed_16bit_positive_values" time="0.001" /><testcase classname="tests.test_signed_conversion.TestSigned16BitConversion" name="test_to_signed_16bit_negative_values" time="0.000" /><testcase classname="tests.test_signed_conversion.TestSigned16BitConversion" name="test_to_signed_16bit_boundary_values" time="0.000" /><testcase classname="tests.test_signed_conversion.TestSigned16BitConversion" name="test_to_signed_16bit_out_of_range" time="0.001" /><testcase classname="tests.test_signed_conversion.TestSigned16BitConversion" name="test_to_unsigned_16bit_positive_values" time="0.001" /><testcase classname="tests.test_signed_conversion.TestSigned16BitConversion" name="test_to_unsigned_16bit_negative_values" time="0.000" /><testcase classname="tests.test_signed_conversion.TestSigned16BitConversion" name="test_to_unsigned_16bit_boundary_values" time="0.000" /><testcase classname="tests.test_signed_conversion.TestSigned16BitConversion" name="test_to_unsigned_16bit_out_of_range" time="0.001" /><testcase classname="tests.test_signed_conversion.TestSigned16BitConversion" name="test_roundtrip_conversion" time="0.000" /><testcase classname="tests.test_signed_conversion.TestSigned16BitConversion" name="test_clamp_16bit" time="0.000" /><testcase classname="tests.test_signed_conversion.TestRealWorldScenarios" name="test_temperature_conversion" time="0.001" /><testcase classname="tests.test_signed_conversion.TestRealWorldScenarios" name="test_setpoint_conversion" time="0.000" /><testcase classname="tests.test_signed_conversion.TestRealWorldScenarios" name="test_edge_case_values" time="0.000" /><testcase classname="tests.test_unload_shared_endpoint" name="test_unload_keeps_shared_endpoint_client" time="0.012" /><testcase classname="tests.test_unload_shared_endpoint" name="test_unload_closes_client_when_endpoint_not_shared" time="0.013" /><testcase classname="tests.test_working_pytest.TestMockClient" name="test_initialization" time="0.001" /><testcase classname="tests.test_working_pytest.TestMockClient" name="test_connection" time="0.012" /><testcase classname="tests.test_working_pytest.TestMockClient" name="test_read_input_registers" time="0.002" /><testcase classname="tests.test_working_pytest.TestMockClient" name="test_read_holding_registers" time="0.002" /><testcase classname="tests.test_working_pytest.TestMockClient" name="test_read_discrete_inputs" time="0.002" /><testcase classname="tests.test_working_pytest.TestMockClient" name="test_read_coils" time="0.002" /><testcase classname="tests.test_working_pytest.TestMockClient" name="test_demo_data_generation" time="0.001" /><testcase classname="tests.test_working_pytest.TestMockClient" name="test_discrete_input_bug_fix" time="0.001" /><testcase classname="tests.test_working_pytest.TestMockClient" name="test_response_object" time="0.000" /><testcase classname="tests.test_working_pytest.TestIntegration" name="test_full_workflow" time="0.001" /><testcase classname="tests.test_working_pytest.TestIntegration" name="test_data_structure" time="0.001" /></testsuite></testsuites>